<?xml version="1.0" encoding="UTF-8"?>
<testsuite name="ThreadInfoTest" tests="1" skipped="0" failures="0" errors="0" timestamp="2021-12-07T08:38:33" hostname="DESKTOP-KQ6B5GR" time="15.034">
  <properties/>
  <testcase name="testThreadServiceMethods()" classname="ThreadInfoTest" time="15.034"/>
  <system-out><![CDATA[]]></system-out>
  <system-err><![CDATA[]]></system-err>
</testsuite>
