<?xml version="1.0" encoding="UTF-8"?>
<testsuite name="TridiagonalMatrixTest" tests="1" skipped="0" failures="0" errors="0" timestamp="2021-12-07T07:52:09" hostname="DESKTOP-KQ6B5GR" time="0.032">
  <properties/>
  <testcase name="createMatrixFromFile()" classname="TridiagonalMatrixTest" time="0.032"/>
  <system-out><![CDATA[]]></system-out>
  <system-err><![CDATA[]]></system-err>
</testsuite>
